This is pdfTeX, Version 3.141592653-2.6-1.40.29 (MiKTeX 26.5) (preloaded format=pdflatex 2026.6.8)  8 JUN 2026 18:44
entering extended mode
 restricted \write18 enabled.
 %&-line parsing enabled.
**./Bia.tex
(Bia.tex
LaTeX2e <2026-06-01>
L3 programming layer <2026-05-26>

(C:\Users\tiendung2306\AppData\Local\Programs\MiKTeX\tex/latex/subfiles\subfile
s.cls
Document Class: subfiles 2020/11/14 v2.2 Multi-file projects (class)
Preamble taken from file `main.tex'

(C:\Users\tiendung2306\AppData\Local\Programs\MiKTeX\tex/latex/import\import.st
y
Package: import 2020/04/01  v 6.2
)

! LaTeX Error: File `main.tex' not found.

Type X to quit or <RETURN> to proceed,
or enter new name. (Default extension: tex)

Enter file name: 
! Emergency stop.
<read *> 
         
l.45 \input{\preamble@file}
                           ^^M
*** (cannot \read from terminal in nonstop modes)

 
Here is how much of TeX's memory you used:
 76 strings out of 467509
 1770 string characters out of 5405379
 435365 words of memory out of 5000000
 29405 multiletter control sequences out of 15000+600000
 627721 words of font info for 40 fonts, out of 8000000 for 9000
 1141 hyphenation exceptions out of 8191
 42i,0n,55p,227b,18s stack positions out of 10000i,1000n,20000p,200000b,200000s
!  ==> Fatal error occurred, no output PDF file produced!
