\BOOKMARK [0][-]{chapter.1}{\376\377\000G\000I\036\332\000I\000\040\000T\000H\000I\036\306\000U\000\040\001\020\036\300\000\040\000T\000\300\000I}{}% 1
\BOOKMARK [1][-]{section.1.1}{\376\377\001\020\036\267\000t\000\040\000v\036\245\000n\000\040\001\021\036\301}{chapter.1}% 2
\BOOKMARK [1][-]{section.1.2}{\376\377\000C\000\341\000c\000\040\000g\000i\036\243\000i\000\040\000p\000h\000\341\000p\000\040\000h\000i\036\307\000n\000\040\000t\036\241\000i\000\040\000v\000\340\000\040\000h\036\241\000n\000\040\000c\000h\036\277}{chapter.1}% 3
\BOOKMARK [1][-]{section.1.3}{\376\377\000M\036\345\000c\000\040\000t\000i\000\352\000u\000\040\000v\000\340\000\040\001\021\036\313\000n\000h\000\040\000h\001\260\036\333\000n\000g\000\040\000g\000i\036\243\000i\000\040\000p\000h\000\341\000p}{chapter.1}% 4
\BOOKMARK [1][-]{section.1.4}{\376\377\001\020\000\363\000n\000g\000\040\000g\000\363\000p\000\040\000c\036\347\000a\000\040\001\021\036\323\000\040\000\341\000n}{chapter.1}% 5
\BOOKMARK [1][-]{section.1.5}{\376\377\000B\036\321\000\040\000c\036\345\000c\000\040\001\021\036\323\000\040\000\341\000n}{chapter.1}% 6
\BOOKMARK [0][-]{chapter.2}{\376\377\000N\036\300\000N\000\040\000T\036\242\000N\000G\000\040\000L\000\335\000\040\000T\000H\000U\000Y\036\276\000T}{}% 7
\BOOKMARK [1][-]{section.2.1}{\376\377\000N\000g\036\357\000\040\000c\036\243\000n\000h\000\040\000c\036\347\000a\000\040\000b\000\340\000i\000\040\000t\000o\000\341\000n\000:\000\040\000n\000h\036\245\000t\000\040\000q\000u\000\341\000n\000\040\000t\000r\036\241\000n\000g\000\040\000t\000h\000\341\000i\000\040\000m\036\255\000t\000\040\000m\000\343\000\040\000t\000r\000o\000n\000g\000\040\000h\036\307\000\040\000p\000h\000\342\000n\000\040\000t\000\341\000n}{chapter.2}% 8
\BOOKMARK [1][-]{section.2.2}{\376\377\000C\000\341\000c\000\040\000k\036\277\000t\000\040\000q\000u\036\243\000\040\000n\000g\000h\000i\000\352\000n\000\040\000c\036\351\000u\000\040\000t\001\260\001\241\000n\000g\000\040\000t\036\361}{chapter.2}% 9
\BOOKMARK [2][-]{subsection.2.2.1}{\376\377\000C\000\341\000c\000\040\000c\001\241\000\040\000c\000h\036\277\000\040\000m\000\343\000\040\000h\000\363\000a\000\040\000n\000h\000\363\000m\000\040\000t\000r\001\260\036\333\000c\000\040\000M\000L\000S}{section.2.2}% 10
\BOOKMARK [2][-]{subsection.2.2.2}{\376\377\000M\000L\000S\000\040\000v\036\333\000i\000\040\000D\000e\000l\000i\000v\000e\000r\000y\000\040\000S\000e\000r\000v\000i\000c\000e}{section.2.2}% 11
\BOOKMARK [2][-]{subsection.2.2.3}{\376\377\000C\000\341\000c\000\040\000h\001\260\036\333\000n\000g\000\040\000p\000h\000i\000\040\000t\036\255\000p\000\040\000t\000r\000u\000n\000g\000\040\000h\000\363\000a\000\040\000M\000L\000S}{section.2.2}% 12
\BOOKMARK [1][-]{section.2.3}{\376\377\000N\036\301\000n\000\040\000t\036\243\000n\000g\000\040\000M\000L\000S\000\040\000v\000\340\000\040\000T\000r\000e\000e\000K\000E\000M}{chapter.2}% 13
\BOOKMARK [2][-]{subsection.2.3.1}{\376\377\000C\000\341\000c\000\040\000k\000h\000\341\000i\000\040\000n\000i\036\307\000m\000\040\000c\036\321\000t\000\040\000l\000\365\000i\000:\000\040\000c\000l\000i\000e\000n\000t\000,\000\040\000g\000r\000o\000u\000p\000,\000\040\000m\000e\000m\000b\000e\000r\000\040\000v\000\340\000\040\000e\000p\000o\000c\000h}{section.2.3}% 14
\BOOKMARK [2][-]{subsection.2.3.2}{\376\377\000R\000a\000t\000c\000h\000e\000t\000\040\000T\000r\000e\000e\000\040\000v\000\340\000\040\000T\000r\000e\000e\000K\000E\000M}{section.2.3}% 15
\BOOKMARK [2][-]{subsection.2.3.3}{\376\377\000P\000r\000o\000p\000o\000s\000a\000l\000,\000\040\000C\000o\000m\000m\000i\000t\000\040\000v\000\340\000\040\000t\000i\036\277\000n\000\040\000t\000r\000\354\000n\000h\000\040\000c\000h\000u\000y\036\303\000n\000\040\000e\000p\000o\000c\000h}{section.2.3}% 16
\BOOKMARK [2][-]{subsection.2.3.4}{\376\377\000C\000\341\000c\000\040\000d\036\245\000u\000\040\000h\000i\036\307\000u\000\040\000n\000h\036\255\000n\000\040\000b\000i\036\277\000t\000\040\000t\000r\036\241\000n\000g\000\040\000t\000h\000\341\000i\000:\000\040\000t\000r\000e\000e\000\040\000h\000a\000s\000h\000,\000\040\000t\000r\000a\000n\000s\000c\000r\000i\000p\000t\000\040\000h\000a\000s\000h\000\040\000v\000\340\000\040\000e\000p\000o\000c\000h\000\040\000a\000u\000t\000h\000e\000n\000t\000i\000c\000a\000t\000o\000r}{section.2.3}% 17
\BOOKMARK [2][-]{subsection.2.3.5}{\376\377\000A\000p\000p\000l\000i\000c\000a\000t\000i\000o\000n\000\040\000m\000e\000s\000s\000a\000g\000e\000s\000,\000\040\000d\000e\000l\000a\000y\000e\000d\000\040\000m\000e\000s\000s\000a\000g\000e\000s\000\040\000v\000\340\000\040\000E\000x\000t\000e\000r\000n\000a\000l\000\040\000C\000o\000m\000m\000i\000t}{section.2.3}% 18
\BOOKMARK [1][-]{section.2.4}{\376\377\000N\036\301\000n\000\040\000t\036\243\000n\000g\000\040\000m\036\241\000n\000g\000\040\000n\000g\000a\000n\000g\000\040\000h\000\340\000n\000g\000\040\000v\000\340\000\040\000t\000h\036\351\000\040\000t\036\361\000\040\000t\000r\000o\000n\000g\000\040\000h\036\307\000\040\000p\000h\000\342\000n\000\040\000t\000\341\000n}{chapter.2}% 19
\BOOKMARK [2][-]{subsection.2.4.1}{\376\377\001\020\036\267\000c\000\040\000t\000\355\000n\000h\000\040\000c\036\347\000a\000\040\000m\036\241\000n\000g\000\040\000n\000g\000a\000n\000g\000\040\000h\000\340\000n\000g}{section.2.4}% 20
\BOOKMARK [2][-]{subsection.2.4.2}{\376\377\000g\000o\000-\000l\000i\000b\000p\0002\000p\000\040\000v\000\340\000\040\000G\000o\000s\000s\000i\000p\000S\000u\000b}{section.2.4}% 21
\BOOKMARK [2][-]{subsection.2.4.3}{\376\377\001\020\036\323\000n\000g\000\040\000h\036\323\000\040\000l\000o\000g\000i\000c\000\040\000v\000\340\000\040\000t\000h\036\351\000\040\000t\036\361\000\040\000h\000i\036\303\000n\000\040\000t\000h\036\313\000\040\000t\000h\000\364\000n\000g\000\040\001\021\000i\036\307\000p\000\040\036\351\000n\000g\000\040\000d\036\345\000n\000g}{section.2.4}% 22
\BOOKMARK [2][-]{subsection.2.4.4}{\376\377\000K\000h\000o\036\243\000n\000g\000\040\000t\000r\036\321\000n\000g\000\040\000c\036\247\000n\000\040\000g\000i\036\243\000i\000\040\000q\000u\000y\036\277\000t}{section.2.4}% 23
\BOOKMARK [0][-]{chapter.3}{\376\377\000P\000H\001\257\001\240\000N\000G\000\040\000P\000H\000\301\000P\000\040\001\020\036\300\000\040\000X\000U\036\244\000T}{}% 24
\BOOKMARK [1][-]{section.3.1}{\376\377\000T\036\325\000n\000g\000\040\000q\000u\000a\000n\000\040\000b\000\340\000i\000\040\000t\000o\000\341\000n\000\040\000v\000\340\000\040\000h\001\260\036\333\000n\000g\000\040\000t\000i\036\277\000p\000\040\000c\036\255\000n}{chapter.3}% 25
\BOOKMARK [2][-]{subsection.3.1.1}{\376\377\000B\000\340\000i\000\040\000t\000o\000\341\000n\000\040\000c\036\247\000n\000\040\000g\000i\036\243\000i\000\040\000q\000u\000y\036\277\000t}{section.3.1}% 26
\BOOKMARK [2][-]{subsection.3.1.2}{\376\377\000K\000i\036\277\000n\000\040\000t\000r\000\372\000c\000\040\000c\036\347\000a\000\040\000g\000i\036\243\000i\000\040\000p\000h\000\341\000p}{section.3.1}% 27
\BOOKMARK [2][-]{subsection.3.1.3}{\376\377\000C\000\341\000c\000\040\000c\001\241\000\040\000c\000h\036\277\000\040\000c\000h\000\355\000n\000h\000\040\000c\036\347\000a\000\040\000p\000h\001\260\001\241\000n\000g\000\040\000p\000h\000\341\000p}{section.3.1}% 28
\BOOKMARK [2][-]{subsection.3.1.4}{\376\377\000P\000h\036\241\000m\000\040\000v\000i\000\040\000b\036\243\000o\000\040\000m\036\255\000t\000\040\000v\000\340\000\040\000M\000\364\000\040\000h\000\354\000n\000h\000\040\000m\036\321\000i\000\040\001\021\000e\000\040\000d\036\315\000a\000\040\000\050\000T\000h\000r\000e\000a\000t\000\040\000M\000o\000d\000e\000l\000\051}{section.3.1}% 29
\BOOKMARK [1][-]{section.3.2}{\376\377\000G\000i\000a\000o\000\040\000t\000h\036\351\000c\000\040\000S\000i\000n\000g\000l\000e\000-\000W\000r\000i\000t\000e\000r\000\040\000t\000h\000e\000o\000\040\000e\000p\000o\000c\000h}{chapter.3}% 30
\BOOKMARK [2][-]{subsection.3.2.1}{\376\377\000M\036\345\000c\000\040\000t\000i\000\352\000u\000\040\000t\000h\000i\036\277\000t\000\040\000k\036\277}{section.3.2}% 31
\BOOKMARK [2][-]{subsection.3.2.2}{\376\377\000T\036\255\000p\000\040\036\351\000n\000g\000\040\000v\000i\000\352\000n\000\040\000h\036\343\000p\000\040\000l\036\307}{section.3.2}% 32
\BOOKMARK [2][-]{subsection.3.2.3}{\376\377\000H\000\340\000m\000\040\000b\036\247\000u\000\040\000c\000h\036\315\000n\000\040\000T\000o\000k\000e\000n\000\040\000H\000o\000l\000d\000e\000r}{section.3.2}% 33
\BOOKMARK [2][-]{subsection.3.2.4}{\376\377\000T\036\241\000o\000\040\000P\000r\000o\000p\000o\000s\000a\000l\000\040\000v\000\340\000\040\000C\000o\000m\000m\000i\000t}{section.3.2}% 34
\BOOKMARK [2][-]{subsection.3.2.5}{\376\377\000C\000h\000u\000y\036\303\000n\000\040\000q\000u\000y\036\301\000n\000\040\000v\000\340\000\040\000f\000a\000i\000l\000o\000v\000e\000r}{section.3.2}% 35
\BOOKMARK [1][-]{section.3.3}{\376\377\000K\000i\036\303\000m\000\040\000t\000r\000a\000\040\000n\000h\036\245\000t\000\040\000q\000u\000\341\000n\000\040\000E\000p\000o\000c\000h}{chapter.3}% 36
\BOOKMARK [2][-]{subsection.3.3.1}{\376\377\000M\036\345\000c\000\040\000t\000i\000\352\000u\000\040\000t\000h\000i\036\277\000t\000\040\000k\036\277}{section.3.3}% 37
\BOOKMARK [2][-]{subsection.3.3.2}{\376\377\000C\036\245\000u\000\040\000t\000r\000\372\000c\000\040\000b\036\243\000n\000\040\000t\000i\000n\000\040\001\021\000i\036\301\000u\000\040\000p\000h\036\321\000i}{section.3.3}% 38
\BOOKMARK [2][-]{subsection.3.3.3}{\376\377\000P\000h\000\342\000n\000\040\000l\000o\036\241\000i\000\040\000t\000h\000\364\000n\000g\000\040\001\021\000i\036\307\000p\000\040\000t\000h\000e\000o\000\040\000E\000p\000o\000c\000h}{section.3.3}% 39
\BOOKMARK [2][-]{subsection.3.3.4}{\376\377\001\020\036\323\000n\000g\000\040\000b\036\331\000\040\000t\000r\036\241\000n\000g\000\040\000t\000h\000\341\000i\000\040\000k\000h\000i\000\040\000g\036\267\000p\000\040\000t\000h\000\364\000n\000g\000\040\001\021\000i\036\307\000p\000\040\000t\001\260\001\241\000n\000g\000\040\000l\000a\000i}{section.3.3}% 40
\BOOKMARK [2][-]{subsection.3.3.5}{\376\377\000X\036\355\000\040\000l\000\375\000\040\000t\000h\000a\000o\000\040\000t\000\341\000c\000\040\000b\036\313\000\040\000b\036\317\000\040\000l\036\341}{section.3.3}% 41
\BOOKMARK [1][-]{section.3.4}{\376\377\000C\001\241\000\040\000c\000h\036\277\000\040\000F\000o\000r\000k\000\040\000H\000e\000a\000l\000i\000n\000g\000\040\000t\000r\036\241\000n\000g\000\040\000t\000h\000\341\000i}{chapter.3}% 42
\BOOKMARK [2][-]{subsection.3.4.1}{\376\377\000B\036\321\000i\000\040\000c\036\243\000n\000h\000\040\000p\000h\000\342\000n\000\040\000v\000\371\000n\000g\000\040\000m\036\241\000n\000g}{section.3.4}% 43
\BOOKMARK [2][-]{subsection.3.4.2}{\376\377\000P\000h\000\341\000t\000\040\000h\000i\036\307\000n\000\040\000n\000g\000h\000i\000\040\000v\036\245\000n\000\040\000p\000h\000\342\000n\000\040\000n\000h\000\341\000n\000h\000\040\000v\000\340\000\040\001\021\036\321\000i\000\040\000c\000h\000i\036\277\000u\000\040\000t\000r\036\241\000n\000g\000\040\000t\000h\000\341\000i}{section.3.4}% 44
\BOOKMARK [2][-]{subsection.3.4.3}{\376\377\000H\000\340\000m\000\040\000t\000r\036\315\000n\000g\000\040\000s\036\321\000\040\000n\000h\000\341\000n\000h}{section.3.4}% 45
\BOOKMARK [2][-]{subsection.3.4.4}{\376\377\000Q\000u\000y\000\040\000t\000r\000\354\000n\000h\000\040\000F\000o\000r\000k\000\040\000H\000e\000a\000l\000i\000n\000g}{section.3.4}% 46
\BOOKMARK [1][-]{section.3.5}{\376\377\000T\000h\036\351\000\040\000t\036\361\000\040\000t\000h\000\364\000n\000g\000\040\001\021\000i\036\307\000p\000\040\036\351\000n\000g\000\040\000d\036\345\000n\000g\000\040\000b\036\261\000n\000g\000\040\000H\000y\000b\000r\000i\000d\000\040\000L\000o\000g\000i\000c\000a\000l\000\040\000C\000l\000o\000c\000k}{chapter.3}% 47
\BOOKMARK [2][-]{subsection.3.5.1}{\376\377\000L\000\375\000\040\000d\000o\000\040\000c\036\247\000n\000\040\000H\000L\000C}{section.3.5}% 48
\BOOKMARK [2][-]{subsection.3.5.2}{\376\377\000T\036\241\000o\000\040\000t\000i\000m\000e\000s\000t\000a\000m\000p\000\040\000k\000h\000i\000\040\000g\036\355\000i\000\040\000t\000i\000n}{section.3.5}% 49
\BOOKMARK [2][-]{subsection.3.5.3}{\376\377\000C\036\255\000p\000\040\000n\000h\036\255\000t\000\040\000H\000L\000C\000\040\000k\000h\000i\000\040\000n\000h\036\255\000n\000\040\000t\000i\000n}{section.3.5}% 50
\BOOKMARK [2][-]{subsection.3.5.4}{\376\377\000V\000a\000i\000\040\000t\000r\000\362\000\040\000c\036\347\000a\000\040\000H\000L\000C\000\040\000t\000r\000o\000n\000g\000\040\000h\036\307\000\040\000t\000h\036\321\000n\000g}{section.3.5}% 51
\BOOKMARK [1][-]{section.3.6}{\376\377\000H\000i\036\307\000n\000\040\000t\000h\036\361\000c\000\040\036\351\000n\000g\000\040\000d\036\345\000n\000g\000\040\000t\000h\036\355\000\040\000n\000g\000h\000i\036\307\000m\000\040\000p\000h\036\345\000c\000\040\000v\036\345\000\040\000k\000i\036\303\000m\000\040\000c\000h\036\351\000n\000g}{chapter.3}% 52
\BOOKMARK [2][-]{subsection.3.6.1}{\376\377\000R\000a\000n\000h\000\040\000g\000i\036\333\000i\000\040\000t\000r\000\341\000c\000h\000\040\000n\000h\000i\036\307\000m\000\040\000t\000r\000o\000n\000g\000\040\036\351\000n\000g\000\040\000d\036\345\000n\000g\000\040\000t\000h\036\355\000\040\000n\000g\000h\000i\036\307\000m}{section.3.6}% 53
\BOOKMARK [2][-]{subsection.3.6.2}{\376\377\000V\000a\000i\000\040\000t\000r\000\362\000\040\000c\036\347\000a\000\040\036\351\000n\000g\000\040\000d\036\345\000n\000g\000\040\000d\000e\000s\000k\000t\000o\000p}{section.3.6}% 54
\BOOKMARK [1][-]{section.3.7}{\376\377\000T\000\355\000n\000h\000\040\001\021\000\372\000n\000g\000\040\001\021\036\257\000n\000\040\000t\000r\036\361\000c\000\040\000g\000i\000\341\000c\000\040\000c\036\347\000a\000\040\000p\000h\001\260\001\241\000n\000g\000\040\000p\000h\000\341\000p}{chapter.3}% 55
\BOOKMARK [0][-]{chapter.4}{\376\377\000P\000H\000\302\000N\000\040\000T\000\315\000C\000H\000\040\000L\000\335\000\040\000T\000H\000U\000Y\036\276\000T}{}% 56
\BOOKMARK [1][-]{section.4.1}{\376\377\000M\000\364\000\040\000h\000\354\000n\000h\000\040\000p\000h\000\342\000n\000\040\000t\000\355\000c\000h\000\040\000v\000\340\000\040\000g\000i\036\243\000\040\001\021\036\313\000n\000h}{chapter.4}% 57
\BOOKMARK [1][-]{section.4.2}{\376\377\000B\036\245\000t\000\040\000b\000i\036\277\000n\000\040\0001\000:\000\040\000E\000p\000o\000c\000h\000\040\000c\036\345\000c\000\040\000b\036\331\000\040\000c\000h\036\311\000\040\001\021\001\260\036\343\000c\000\040\000g\000i\036\357\000\040\000n\000g\000u\000y\000\352\000n\000\040\000h\000o\036\267\000c\000\040\000t\001\003\000n\000g}{chapter.4}% 58
\BOOKMARK [2][-]{subsection.4.2.1}{\376\377\000P\000h\000\341\000t\000\040\000b\000i\036\303\000u\000\040\000b\036\245\000t\000\040\000b\000i\036\277\000n}{section.4.2}% 59
\BOOKMARK [2][-]{subsection.4.2.2}{\376\377\000C\001\241\000\040\000s\036\337\000\040\000t\036\353\000\040\000M\000L\000S}{section.4.2}% 60
\BOOKMARK [2][-]{subsection.4.2.3}{\376\377\000C\001\241\000\040\000c\000h\036\277\000\040\000b\036\243\000o\000\040\000t\000o\000\340\000n\000\040\000b\036\245\000t\000\040\000b\000i\036\277\000n}{section.4.2}% 61
\BOOKMARK [1][-]{section.4.3}{\376\377\000B\036\245\000t\000\040\000b\000i\036\277\000n\000\040\0002\000:\000\040\000V\036\333\000i\000\040\000c\000\371\000n\000g\000\040\000m\036\331\000t\000\040\000A\000c\000t\000i\000v\000e\000V\000i\000e\000w\000,\000\040\000c\000h\036\311\000\040\000c\000\363\000\040\000m\036\331\000t\000\040\000T\000o\000k\000e\000n\000\040\000H\000o\000l\000d\000e\000r}{chapter.4}% 62
\BOOKMARK [2][-]{subsection.4.3.1}{\376\377\000P\000h\000\341\000t\000\040\000b\000i\036\303\000u\000\040\000b\036\245\000t\000\040\000b\000i\036\277\000n}{section.4.3}% 63
\BOOKMARK [2][-]{subsection.4.3.2}{\376\377\000\335\000\040\000n\000g\000h\001\051\000a\000\040\001\021\036\321\000i\000\040\000v\036\333\000i\000\040\000c\000o\000n\000c\000u\000r\000r\000e\000n\000t\000\040\000c\000o\000m\000m\000i\000t\000s}{section.4.3}% 64
\BOOKMARK [1][-]{section.4.4}{\376\377\000B\036\245\000t\000\040\000b\000i\036\277\000n\000\040\0003\000:\000\040\000P\000h\000\342\000n\000\040\000n\000h\000\341\000n\000h\000\040\000p\000h\036\243\000i\000\040\001\021\001\260\036\343\000c\000\040\000n\000h\036\255\000n\000\040\000b\000i\036\277\000t\000\040\000s\000a\000u\000\040\000b\001\260\036\333\000c\000\040\001\021\036\321\000i\000\040\000c\000h\000i\036\277\000u\000\040\000l\036\313\000c\000h\000\040\000s\036\355}{chapter.4}% 65
\BOOKMARK [2][-]{subsection.4.4.1}{\376\377\000P\000h\000\342\000n\000\040\000b\000i\036\307\000t\000\040\000c\000h\036\255\000m\000\040\001\021\036\323\000n\000g\000\040\000b\036\331\000\040\000v\000\340\000\040\000p\000h\000\342\000n\000\040\000n\000h\000\341\000n\000h\000\040\000t\000h\036\361\000c\000\040\000s\036\361}{section.4.4}% 66
\BOOKMARK [2][-]{subsection.4.4.2}{\376\377\000T\000\363\000m\000\040\000t\036\257\000t\000\040\000p\000h\036\247\000n\000\040\000l\036\313\000c\000h\000\040\000s\036\355\000\040\000C\000o\000m\000m\000i\000t\000\040\001\021\000\343\000\040\001\021\000i\000\040\000q\000u\000a}{section.4.4}% 67
\BOOKMARK [1][-]{section.4.5}{\376\377\000B\036\245\000t\000\040\000b\000i\036\277\000n\000\040\0004\000:\000\040\000K\000h\000\364\000n\000g\000\040\000h\036\343\000p\000\040\000n\000h\036\245\000t\000\040\000t\000r\036\361\000c\000\040\000t\000i\036\277\000p\000\040\000h\000a\000i\000\040\000t\000r\036\241\000n\000g\000\040\000t\000h\000\341\000i\000\040\000M\000L\000S\000\040\001\021\000\343\000\040\000p\000h\000\342\000n\000\040\000n\000h\000\341\000n\000h}{chapter.4}% 68
\BOOKMARK [2][-]{subsection.4.5.1}{\376\377\000V\000\354\000\040\000s\000a\000o\000\040\000k\000h\000\364\000n\000g\000\040\000t\000h\036\303\000\040\000g\036\331\000p\000\040\000t\000r\036\361\000c\000\040\000t\000i\036\277\000p\000\040\000h\000a\000i\000\040\000n\000h\000\341\000n\000h}{section.4.5}% 69
\BOOKMARK [2][-]{subsection.4.5.2}{\376\377\000Q\000u\000y\000\040\000t\036\257\000c\000\040\000c\000h\036\315\000n\000\040\000n\000h\000\341\000n\000h}{section.4.5}% 70
\BOOKMARK [2][-]{subsection.4.5.3}{\376\377\000D\000\371\000n\000g\000\040\000E\000x\000t\000e\000r\000n\000a\000l\000\040\000P\000r\000o\000p\000o\000s\000a\000l\000\040\000n\000h\001\260\000\040\000c\001\241\000\040\000c\000h\036\277\000\040\000h\036\331\000i\000\040\000t\036\345}{section.4.5}% 71
\BOOKMARK [1][-]{section.4.6}{\376\377\000X\036\355\000\040\000l\000\375\000\040\000t\000h\000\364\000n\000g\000\040\001\021\000i\036\307\000p\000\040\000p\000h\000\341\000t\000\040\000s\000i\000n\000h\000\040\036\337\000\040\000n\000h\000\341\000n\000h\000\040\000t\000h\000u\000a}{chapter.4}% 72
\BOOKMARK [1][-]{section.4.7}{\376\377\000B\036\245\000t\000\040\000b\000i\036\277\000n\000\040\0005\000:\000\040\000H\000L\000C\000\040\000c\000h\036\311\000\040\000s\036\257\000p\000\040\000x\036\277\000p\000\040\000t\000h\000\364\000n\000g\000\040\001\021\000i\036\307\000p\000\040\036\351\000n\000g\000\040\000d\036\345\000n\000g\000,\000\040\000k\000h\000\364\000n\000g\000\040\000q\000u\000y\036\277\000t\000\040\001\021\036\313\000n\000h\000\040\000C\000o\000m\000m\000i\000t}{chapter.4}% 73
\BOOKMARK [2][-]{subsection.4.7.1}{\376\377\000P\000h\000\342\000n\000\040\000b\000i\036\307\000t\000\040\000h\000a\000i\000\040\000l\000o\036\241\000i\000\040\000t\000h\036\351\000\040\000t\036\361}{section.4.7}% 74
\BOOKMARK [2][-]{subsection.4.7.2}{\376\377\000C\001\241\000\040\000s\036\337\000\040\000c\036\347\000a\000\040\000H\000L\000C}{section.4.7}% 75
\BOOKMARK [2][-]{subsection.4.7.3}{\376\377\000G\000i\036\333\000i\000\040\000h\036\241\000n\000\040\000c\036\347\000a\000\040\000H\000L\000C}{section.4.7}% 76
\BOOKMARK [1][-]{section.4.8}{\376\377\000P\000h\000\342\000n\000\040\000t\000\355\000c\000h\000\040\000c\000h\000i\000\040\000p\000h\000\355\000\040\000l\000\375\000\040\000t\000h\000u\000y\036\277\000t}{chapter.4}% 77
\BOOKMARK [2][-]{subsection.4.8.1}{\376\377\000C\000h\000i\000\040\000p\000h\000\355\000\040\000g\036\355\000i\000\040\000a\000p\000p\000l\000i\000c\000a\000t\000i\000o\000n\000\040\000m\000e\000s\000s\000a\000g\000e}{section.4.8}% 78
\BOOKMARK [2][-]{subsection.4.8.2}{\376\377\000C\000h\000i\000\040\000p\000h\000\355\000\040\000c\036\255\000p\000\040\000n\000h\036\255\000t\000\040\000t\000h\000\340\000n\000h\000\040\000v\000i\000\352\000n\000\040\000v\000\340\000\040\000r\000e\000k\000e\000y}{section.4.8}% 79
\BOOKMARK [2][-]{subsection.4.8.3}{\376\377\000C\000h\000i\000\040\000p\000h\000\355\000\040\000c\036\347\000a\000\040\000S\000i\000n\000g\000l\000e\000-\000W\000r\000i\000t\000e\000r}{section.4.8}% 80
\BOOKMARK [2][-]{subsection.4.8.4}{\376\377\000C\000h\000i\000\040\000p\000h\000\355\000\040\000c\036\347\000a\000\040\000k\000i\036\303\000m\000\040\000t\000r\000a\000\040\000e\000p\000o\000c\000h\000\040\000v\000\340\000\040\001\021\036\321\000i\000\040\000c\000h\000i\036\277\000u\000\040\000t\000r\036\241\000n\000g\000\040\000t\000h\000\341\000i}{section.4.8}% 81
\BOOKMARK [2][-]{subsection.4.8.5}{\376\377\000C\000h\000i\000\040\000p\000h\000\355\000\040\000c\036\347\000a\000\040\000F\000o\000r\000k\000\040\000H\000e\000a\000l\000i\000n\000g}{section.4.8}% 82
\BOOKMARK [2][-]{subsection.4.8.6}{\376\377\000P\000h\000\342\000n\000\040\000t\000\355\000c\000h\000\040\000c\001\241\000\040\000c\000h\036\277\000\040\000p\000h\000\341\000t\000\040\000l\036\241\000i\000\040\000t\000h\000\364\000n\000g\000\040\001\021\000i\036\307\000p\000\040\036\351\000n\000g\000\040\000d\036\345\000n\000g}{section.4.8}% 83
\BOOKMARK [1][-]{section.4.9}{\376\377\000T\036\325\000n\000g\000\040\000h\036\343\000p\000\040\000c\000\341\000c\000\040\000b\036\245\000t\000\040\000b\000i\036\277\000n\000\040\000l\000\375\000\040\000t\000h\000u\000y\036\277\000t\000\040\000v\000\340\000\040\000c\001\241\000\040\000c\000h\036\277\000\040\000b\036\243\000o\000\040\000t\000o\000\340\000n}{chapter.4}% 84
\BOOKMARK [1][-]{section.4.10}{\376\377\000S\000o\000\040\000s\000\341\000n\000h\000\040\001\021\036\267\000c\000\040\000t\000\355\000n\000h\000\040\000v\036\333\000i\000\040\000c\000\341\000c\000\040\000t\000h\000u\036\255\000t\000\040\000t\000o\000\341\000n\000\040\001\021\036\323\000n\000g\000\040\000t\000h\000u\036\255\000n\000\040\000t\000r\000u\000y\036\301\000n\000\040\000t\000h\036\321\000n\000g}{chapter.4}% 85
\BOOKMARK [1][-]{section.4.11}{\376\377\000G\000i\036\333\000i\000\040\000h\036\241\000n\000\040\000l\000\375\000\040\000t\000h\000u\000y\036\277\000t\000\040\000c\036\347\000a\000\040\000p\000h\001\260\001\241\000n\000g\000\040\000p\000h\000\341\000p}{chapter.4}% 86
\BOOKMARK [0][-]{chapter.5}{\376\377\001\020\000\301\000N\000H\000\040\000G\000I\000\301\000\040\000T\000H\036\360\000C\000\040\000N\000G\000H\000I\036\306\000M}{}% 87
\BOOKMARK [1][-]{section.5.1}{\376\377\000M\036\345\000c\000\040\000t\000i\000\352\000u\000\040\000v\000\340\000\040\000p\000h\036\241\000m\000\040\000v\000i\000\040\001\021\000\341\000n\000h\000\040\000g\000i\000\341}{chapter.5}% 88
\BOOKMARK [1][-]{section.5.2}{\376\377\000M\000\364\000i\000\040\000t\000r\001\260\036\335\000n\000g\000\040\000v\000\340\000\040\000p\000h\001\260\001\241\000n\000g\000\040\000p\000h\000\341\000p\000\040\000t\000h\000\355\000\040\000n\000g\000h\000i\036\307\000m}{chapter.5}% 89
\BOOKMARK [1][-]{section.5.3}{\376\377\001\020\000\341\000n\000h\000\040\000g\000i\000\341\000\040\000c\001\241\000\040\000c\000h\036\277\000\040\000S\000i\000n\000g\000l\000e\000-\000W\000r\000i\000t\000e\000r\000\040\000v\000\340\000\040\000g\000o\000m\000\040\001\021\036\301\000\040\000x\000u\036\245\000t}{chapter.5}% 90
\BOOKMARK [1][-]{section.5.4}{\376\377\001\020\000\341\000n\000h\000\040\000g\000i\000\341\000\040\000h\036\331\000i\000\040\000t\036\345\000\040\000t\000r\000o\000n\000g\000\040\001\021\000i\036\301\000u\000\040\000k\000i\036\307\000n\000\040\000m\036\241\000n\000g\000\040\000h\036\327\000n\000\040\000l\000o\036\241\000n}{chapter.5}% 91
\BOOKMARK [1][-]{section.5.5}{\376\377\036\242\000n\000h\000\040\000h\001\260\036\337\000n\000g\000\040\001\021\036\331\000\040\000s\000\342\000u\000\040\000p\000h\000\342\000n\000\040\000k\036\363\000\040\001\021\036\277\000n\000\040\000t\000h\036\335\000i\000\040\000g\000i\000a\000n\000\040\000p\000h\036\345\000c\000\040\000h\036\323\000i}{chapter.5}% 92
\BOOKMARK [1][-]{section.5.6}{\376\377\001\020\000\341\000n\000h\000\040\000g\000i\000\341\000\040\000k\000h\036\243\000\040\000n\001\003\000n\000g\000\040\000m\036\337\000\040\000r\036\331\000n\000g\000\040\000c\036\347\000a\000\040\000t\000h\000a\000o\000\040\000t\000\341\000c\000\040\000t\000h\000\340\000n\000h\000\040\000v\000i\000\352\000n}{chapter.5}% 93
\BOOKMARK [1][-]{section.5.7}{\376\377\001\020\000\341\000n\000h\000\040\000g\000i\000\341\000\040\000c\000h\000i\000\040\000p\000h\000\355\000\040\000m\036\255\000t\000\040\000m\000\343\000\040\000M\000L\000S}{chapter.5}% 94
\BOOKMARK [1][-]{section.5.8}{\376\377\000C\000h\000i\000\040\000p\000h\000\355\000\040\000p\000h\036\345\000\040\000t\000r\036\343\000\040\000c\036\347\000a\000\040\000l\036\333\000p\000\040\001\021\000i\036\301\000u\000\040\000p\000h\036\321\000i}{chapter.5}% 95
\BOOKMARK [1][-]{section.5.9}{\376\377\000K\000i\036\303\000m\000\040\000c\000h\036\351\000n\000g\000\040\000F\000o\000r\000w\000a\000r\000d\000\040\000S\000e\000c\000r\000e\000c\000y\000\040\000b\036\261\000n\000g\000\040\000t\000h\000\340\000n\000h\000\040\000p\000h\036\247\000n\000\040\000M\000L\000S\000\040\000t\000h\036\255\000t}{chapter.5}% 96
\BOOKMARK [1][-]{section.5.10}{\376\377\001\020\036\321\000i\000\040\000c\000h\000i\036\277\000u\000\040\000t\000r\000\352\000n\000\040\036\351\000n\000g\000\040\000d\036\345\000n\000g\000\040\000d\000e\000s\000k\000t\000o\000p}{chapter.5}% 97
\BOOKMARK [2][-]{subsection.5.10.1}{\376\377\000T\036\241\000o\000\040\000t\036\325\000\040\000c\000h\036\351\000c\000\040\000v\000\340\000\040\000c\036\245\000p\000\040\000b\000u\000n\000d\000l\000e}{section.5.10}% 98
\BOOKMARK [2][-]{subsection.5.10.2}{\376\377\000T\000h\000i\036\277\000t\000\040\000b\036\313\000\040\000m\036\333\000i\000\040\000v\000\340\000o\000\040\000h\036\307\000\040\000t\000h\036\321\000n\000g}{section.5.10}% 99
\BOOKMARK [2][-]{subsection.5.10.3}{\376\377\000T\000r\000a\000o\000\040\001\021\036\325\000i\000\040\000t\000i\000n\000\040\000n\000h\036\257\000n\000\040\000t\000r\000o\000n\000g\000\040\000n\000h\000\363\000m}{section.5.10}% 100
\BOOKMARK [1][-]{section.5.11}{\376\377\000N\000h\036\255\000n\000\040\000x\000\351\000t\000\040\000v\000\340\000\040\000g\000i\036\333\000i\000\040\000h\036\241\000n\000\040\001\021\000\341\000n\000h\000\040\000g\000i\000\341}{chapter.5}% 101
\BOOKMARK [0][-]{chapter.6}{\376\377\000K\036\276\000T\000\040\000L\000U\036\254\000N}{}% 102
\BOOKMARK [1][-]{section.6.1}{\376\377\000K\036\277\000t\000\040\000l\000u\036\255\000n\000\040\000c\000h\000u\000n\000g}{chapter.6}% 103
\BOOKMARK [1][-]{section.6.2}{\376\377\000G\000i\036\333\000i\000\040\000h\036\241\000n\000\040\000c\036\347\000a\000\040\001\021\036\323\000\040\000\341\000n}{chapter.6}% 104
\BOOKMARK [1][-]{section.6.3}{\376\377\000H\001\260\036\333\000n\000g\000\040\000p\000h\000\341\000t\000\040\000t\000r\000i\036\303\000n}{chapter.6}% 105
\BOOKMARK [0][-]{section*.31}{\376\377\000T\000\300\000I\000\040\000L\000I\036\306\000U\000\040\000T\000H\000A\000M\000\040\000K\000H\036\242\000O}{}% 106
\BOOKMARK [0][-]{section*.32}{\376\377\000P\000H\036\344\000\040\000L\036\344\000C}{}% 107
\BOOKMARK [0][-]{chapter.A}{\376\377\036\350\000N\000G\000\040\000D\036\344\000N\000G\000\040\000D\000E\000M\000O\000\040\000V\000\300\000\040\000K\036\312\000C\000H\000\040\000B\036\242\000N\000\040\000M\000I\000N\000H\000\040\000H\036\314\000A}{}% 108
\BOOKMARK [1][-]{section.A.1}{\376\377\000K\000i\036\277\000n\000\040\000t\000r\000\372\000c\000\040\000p\000h\036\247\000n\000\040\000m\036\301\000m\000\040\000v\000\340\000\040\000c\000\364\000n\000g\000\040\000n\000g\000h\036\307\000\040\000n\036\301\000n\000\040\000t\036\243\000n\000g}{chapter.A}% 109
\BOOKMARK [1][-]{section.A.2}{\376\377\000C\000\341\000c\000\040\000k\036\313\000c\000h\000\040\000b\036\243\000n\000\040\000s\036\355\000\040\000d\036\345\000n\000g\000\040\000\050\000U\000s\000e\000\040\000C\000a\000s\000e\000s\000\051\000\040\000c\036\321\000t\000\040\000l\000\365\000i}{chapter.A}% 110
\BOOKMARK [1][-]{section.A.3}{\376\377\000H\000\354\000n\000h\000\040\036\243\000n\000h\000\040\000m\000i\000n\000h\000\040\000h\036\315\000a\000\040\000c\000\341\000c\000\040\000t\000h\000\340\000n\000h\000\040\000p\000h\036\247\000n\000\040\000c\000h\036\351\000c\000\040\000n\001\003\000n\000g}{chapter.A}% 111
\BOOKMARK [2][-]{subsection.A.3.1}{\376\377\000Q\000u\000y\000\040\000t\000r\000\354\000n\000h\000\040\000g\000i\000a\000\040\000n\000h\036\255\000p\000\040\000h\036\307\000\040\000t\000h\036\321\000n\000g\000\040\000v\000\340\000\040\000c\036\245\000p\000\040\000p\000h\000\341\000t\000\040\000B\000u\000n\000d\000l\000e}{section.A.3}% 112
\BOOKMARK [2][-]{subsection.A.3.2}{\376\377\000K\000h\000\364\000n\000g\000\040\000g\000i\000a\000n\000\040\000l\000\340\000m\000\040\000v\000i\036\307\000c\000\040\000v\000\340\000\040\000c\000\341\000c\000\040\000c\000h\036\351\000c\000\040\000n\001\003\000n\000g\000\040\000c\036\331\000n\000g\000\040\000t\000\341\000c}{section.A.3}% 113
\BOOKMARK [2][-]{subsection.A.3.3}{\376\377\000Q\000u\036\243\000n\000\040\000t\000r\036\313\000\040\000h\036\307\000\040\000t\000h\036\321\000n\000g}{section.A.3}% 114
