\BOOKMARK [1][-]{section.0.1}{\376\377\000T\036\325\000n\000g\000\040\000q\000u\000a\000n\000\040\000b\000\340\000i\000\040\000t\000o\000\341\000n\000\040\000v\000\340\000\040\000h\001\260\036\333\000n\000g\000\040\000t\000i\036\277\000p\000\040\000c\036\255\000n}{}% 1
\BOOKMARK [2][-]{subsection.0.1.1}{\376\377\000B\000\340\000i\000\040\000t\000o\000\341\000n\000\040\000c\036\247\000n\000\040\000g\000i\036\243\000i\000\040\000q\000u\000y\036\277\000t}{section.0.1}% 2
\BOOKMARK [2][-]{subsection.0.1.2}{\376\377\000K\000i\036\277\000n\000\040\000t\000r\000\372\000c\000\040\000c\036\347\000a\000\040\000g\000i\036\243\000i\000\040\000p\000h\000\341\000p}{section.0.1}% 3
\BOOKMARK [2][-]{subsection.0.1.3}{\376\377\000C\000\341\000c\000\040\000c\001\241\000\040\000c\000h\036\277\000\040\000c\000h\000\355\000n\000h\000\040\000c\036\347\000a\000\040\000p\000h\001\260\001\241\000n\000g\000\040\000p\000h\000\341\000p}{section.0.1}% 4
\BOOKMARK [2][-]{subsection.0.1.4}{\376\377\000P\000h\036\241\000m\000\040\000v\000i\000\040\000b\036\243\000o\000\040\000m\036\255\000t\000\040\000v\000\340\000\040\000M\000\364\000\040\000h\000\354\000n\000h\000\040\000m\036\321\000i\000\040\001\021\000e\000\040\000d\036\315\000a\000\040\000\050\000T\000h\000r\000e\000a\000t\000\040\000M\000o\000d\000e\000l\000\051}{section.0.1}% 5
\BOOKMARK [1][-]{section.0.2}{\376\377\000G\000i\000a\000o\000\040\000t\000h\036\351\000c\000\040\000S\000i\000n\000g\000l\000e\000-\000W\000r\000i\000t\000e\000r\000\040\000t\000h\000e\000o\000\040\000e\000p\000o\000c\000h}{}% 6
\BOOKMARK [2][-]{subsection.0.2.1}{\376\377\000M\036\345\000c\000\040\000t\000i\000\352\000u\000\040\000t\000h\000i\036\277\000t\000\040\000k\036\277}{section.0.2}% 7
\BOOKMARK [2][-]{subsection.0.2.2}{\376\377\000T\036\255\000p\000\040\036\351\000n\000g\000\040\000v\000i\000\352\000n\000\040\000h\036\343\000p\000\040\000l\036\307}{section.0.2}% 8
\BOOKMARK [2][-]{subsection.0.2.3}{\376\377\000H\000\340\000m\000\040\000b\036\247\000u\000\040\000c\000h\036\315\000n\000\040\000T\000o\000k\000e\000n\000\040\000H\000o\000l\000d\000e\000r}{section.0.2}% 9
\BOOKMARK [2][-]{subsection.0.2.4}{\376\377\000T\036\241\000o\000\040\000P\000r\000o\000p\000o\000s\000a\000l\000\040\000v\000\340\000\040\000C\000o\000m\000m\000i\000t}{section.0.2}% 10
\BOOKMARK [2][-]{subsection.0.2.5}{\376\377\000C\000h\000u\000y\036\303\000n\000\040\000q\000u\000y\036\301\000n\000\040\000v\000\340\000\040\000f\000a\000i\000l\000o\000v\000e\000r}{section.0.2}% 11
\BOOKMARK [1][-]{section.0.3}{\376\377\000K\000i\036\303\000m\000\040\000t\000r\000a\000\040\000n\000h\036\245\000t\000\040\000q\000u\000\341\000n\000\040\000E\000p\000o\000c\000h}{}% 12
\BOOKMARK [2][-]{subsection.0.3.1}{\376\377\000M\036\345\000c\000\040\000t\000i\000\352\000u\000\040\000t\000h\000i\036\277\000t\000\040\000k\036\277}{section.0.3}% 13
\BOOKMARK [2][-]{subsection.0.3.2}{\376\377\000C\036\245\000u\000\040\000t\000r\000\372\000c\000\040\000b\036\243\000n\000\040\000t\000i\000n\000\040\001\021\000i\036\301\000u\000\040\000p\000h\036\321\000i}{section.0.3}% 14
\BOOKMARK [2][-]{subsection.0.3.3}{\376\377\000P\000h\000\342\000n\000\040\000l\000o\036\241\000i\000\040\000t\000h\000\364\000n\000g\000\040\001\021\000i\036\307\000p\000\040\000t\000h\000e\000o\000\040\000E\000p\000o\000c\000h}{section.0.3}% 15
\BOOKMARK [2][-]{subsection.0.3.4}{\376\377\001\020\036\323\000n\000g\000\040\000b\036\331\000\040\000t\000r\036\241\000n\000g\000\040\000t\000h\000\341\000i\000\040\000k\000h\000i\000\040\000g\036\267\000p\000\040\000t\000h\000\364\000n\000g\000\040\001\021\000i\036\307\000p\000\040\000t\001\260\001\241\000n\000g\000\040\000l\000a\000i}{section.0.3}% 16
\BOOKMARK [2][-]{subsection.0.3.5}{\376\377\000X\036\355\000\040\000l\000\375\000\040\000t\000h\000a\000o\000\040\000t\000\341\000c\000\040\000b\036\313\000\040\000b\036\317\000\040\000l\036\341}{section.0.3}% 17
\BOOKMARK [1][-]{section.0.4}{\376\377\000C\001\241\000\040\000c\000h\036\277\000\040\000F\000o\000r\000k\000\040\000H\000e\000a\000l\000i\000n\000g\000\040\000t\000r\036\241\000n\000g\000\040\000t\000h\000\341\000i}{}% 18
\BOOKMARK [2][-]{subsection.0.4.1}{\376\377\000B\036\321\000i\000\040\000c\036\243\000n\000h\000\040\000p\000h\000\342\000n\000\040\000v\000\371\000n\000g\000\040\000m\036\241\000n\000g}{section.0.4}% 19
\BOOKMARK [2][-]{subsection.0.4.2}{\376\377\000P\000h\000\341\000t\000\040\000h\000i\036\307\000n\000\040\000n\000g\000h\000i\000\040\000v\036\245\000n\000\040\000p\000h\000\342\000n\000\040\000n\000h\000\341\000n\000h\000\040\000v\000\340\000\040\001\021\036\321\000i\000\040\000c\000h\000i\036\277\000u\000\040\000t\000r\036\241\000n\000g\000\040\000t\000h\000\341\000i}{section.0.4}% 20
\BOOKMARK [2][-]{subsection.0.4.3}{\376\377\000H\000\340\000m\000\040\000t\000r\036\315\000n\000g\000\040\000s\036\321\000\040\000n\000h\000\341\000n\000h}{section.0.4}% 21
\BOOKMARK [2][-]{subsection.0.4.4}{\376\377\000Q\000u\000y\000\040\000t\000r\000\354\000n\000h\000\040\000F\000o\000r\000k\000\040\000H\000e\000a\000l\000i\000n\000g}{section.0.4}% 22
\BOOKMARK [1][-]{section.0.5}{\376\377\000T\000h\036\351\000\040\000t\036\361\000\040\000t\000h\000\364\000n\000g\000\040\001\021\000i\036\307\000p\000\040\036\351\000n\000g\000\040\000d\036\345\000n\000g\000\040\000b\036\261\000n\000g\000\040\000H\000y\000b\000r\000i\000d\000\040\000L\000o\000g\000i\000c\000a\000l\000\040\000C\000l\000o\000c\000k}{}% 23
\BOOKMARK [2][-]{subsection.0.5.1}{\376\377\000L\000\375\000\040\000d\000o\000\040\000c\036\247\000n\000\040\000H\000L\000C}{section.0.5}% 24
\BOOKMARK [2][-]{subsection.0.5.2}{\376\377\000T\036\241\000o\000\040\000t\000i\000m\000e\000s\000t\000a\000m\000p\000\040\000k\000h\000i\000\040\000g\036\355\000i\000\040\000t\000i\000n}{section.0.5}% 25
\BOOKMARK [2][-]{subsection.0.5.3}{\376\377\000C\036\255\000p\000\040\000n\000h\036\255\000t\000\040\000H\000L\000C\000\040\000k\000h\000i\000\040\000n\000h\036\255\000n\000\040\000t\000i\000n}{section.0.5}% 26
\BOOKMARK [2][-]{subsection.0.5.4}{\376\377\000V\000a\000i\000\040\000t\000r\000\362\000\040\000c\036\347\000a\000\040\000H\000L\000C\000\040\000t\000r\000o\000n\000g\000\040\000h\036\307\000\040\000t\000h\036\321\000n\000g}{section.0.5}% 27
\BOOKMARK [1][-]{section.0.6}{\376\377\000H\000i\036\307\000n\000\040\000t\000h\036\361\000c\000\040\036\351\000n\000g\000\040\000d\036\345\000n\000g\000\040\000t\000h\036\355\000\040\000n\000g\000h\000i\036\307\000m\000\040\000p\000h\036\345\000c\000\040\000v\036\345\000\040\000k\000i\036\303\000m\000\040\000c\000h\036\351\000n\000g}{}% 28
\BOOKMARK [2][-]{subsection.0.6.1}{\376\377\000R\000a\000n\000h\000\040\000g\000i\036\333\000i\000\040\000t\000r\000\341\000c\000h\000\040\000n\000h\000i\036\307\000m\000\040\000t\000r\000o\000n\000g\000\040\036\351\000n\000g\000\040\000d\036\345\000n\000g\000\040\000t\000h\036\355\000\040\000n\000g\000h\000i\036\307\000m}{section.0.6}% 29
\BOOKMARK [2][-]{subsection.0.6.2}{\376\377\000V\000a\000i\000\040\000t\000r\000\362\000\040\000c\036\347\000a\000\040\036\351\000n\000g\000\040\000d\036\345\000n\000g\000\040\000d\000e\000s\000k\000t\000o\000p}{section.0.6}% 30
\BOOKMARK [1][-]{section.0.7}{\376\377\000T\000\355\000n\000h\000\040\001\021\000\372\000n\000g\000\040\001\021\036\257\000n\000\040\000t\000r\036\361\000c\000\040\000g\000i\000\341\000c\000\040\000c\036\347\000a\000\040\000p\000h\001\260\001\241\000n\000g\000\040\000p\000h\000\341\000p}{}% 31
